<?xml version="1.0" encoding="UTF-8"?>
<testng-results skipped="0" failed="0" ignored="0" total="1" passed="1">
  <reporter-output>
  </reporter-output>
  <suite name="Default suite" duration-ms="37225" started-at="2020-07-08T13:03:20 IST" finished-at="2020-07-08T13:03:57 IST">
    <groups>
    </groups>
    <test name="Default test" duration-ms="37225" started-at="2020-07-08T13:03:20 IST" finished-at="2020-07-08T13:03:57 IST">
      <class name="demo.Test2">
        <test-method status="PASS" signature="setUp()[pri:0, instance:demo.Test2@4b1c1ea0]" name="setUp" is-config="true" duration-ms="3403" started-at="2020-07-08T13:03:20 IST" finished-at="2020-07-08T13:03:23 IST">
          <reporter-output>
          </reporter-output>
        </test-method> <!-- setUp -->
        <test-method status="PASS" signature="test2()[pri:0, instance:demo.Test2@4b1c1ea0]" name="test2" duration-ms="32782" started-at="2020-07-08T13:03:23 IST" finished-at="2020-07-08T13:03:56 IST">
          <reporter-output>
          </reporter-output>
        </test-method> <!-- test2 -->
        <test-method status="PASS" signature="tearDown()[pri:0, instance:demo.Test2@4b1c1ea0]" name="tearDown" is-config="true" duration-ms="975" started-at="2020-07-08T13:03:56 IST" finished-at="2020-07-08T13:03:57 IST">
          <reporter-output>
          </reporter-output>
        </test-method> <!-- tearDown -->
      </class> <!-- demo.Test2 -->
    </test> <!-- Default test -->
  </suite> <!-- Default suite -->
</testng-results>
